<?xml version="1.0" encoding="UTF-8"?>
<!-- Generated by org.testng.reporters.JUnitXMLReporter -->
<testsuite ignored="0" hostname="DESKTOP-NH3DV7T" failures="0" tests="3" name="Test1" time="190.954" errors="0" timestamp="2021-04-28T22:02:17 IST">
  <testcase classname="CrossBrowserTesting.Sample1" name="demo1" time="0.065"/>
  <testcase classname="CrossBrowserTesting.Sample3" name="demo1" time="0.004"/>
  <testcase classname="CrossBrowserTesting.Sample2" name="demo1" time="0.002"/>
</testsuite> <!-- Test1 -->
